<?xml version="1.0" encoding="UTF-8"?>
<!-- Generated by org.testng.reporters.JUnitXMLReporter -->
<testsuite hostname="LAPTOP-DCLGCRS4" ignored="0" name="Default test" tests="3" failures="0" timestamp="2023-04-07T22:13:49 IST" time="0.621" errors="0">
  <testcase name="testData" time="0.004" classname="dataDriven.excelDataProvider.DataProviderWithExcel"/>
  <testcase name="testData" time="0.001" classname="dataDriven.excelDataProvider.DataProviderWithExcel"/>
  <testcase name="testData" time="0.001" classname="dataDriven.excelDataProvider.DataProviderWithExcel"/>
</testsuite> <!-- Default test -->
