<?xml version="1.0" encoding="UTF-8"?>
<testng-results skipped="0" failed="0" ignored="0" total="3" passed="3">
  <reporter-output>
  </reporter-output>
  <suite name="Default suite" duration-ms="621" started-at="2023-04-07T22:13:49 IST" finished-at="2023-04-07T22:13:49 IST">
    <groups>
    </groups>
    <test name="Default test" duration-ms="621" started-at="2023-04-07T22:13:49 IST" finished-at="2023-04-07T22:13:49 IST">
      <class name="dataDriven.excelDataProvider.DataProviderWithExcel">
        <test-method status="PASS" signature="testData(java.lang.String,java.lang.String,java.lang.String)[pri:0, instance:dataDriven.excelDataProvider.DataProviderWithExcel@2a70a3d8]" name="testData" duration-ms="4" started-at="2023-04-07T22:13:49 IST" data-provider="driverTest" finished-at="2023-04-07T22:13:49 IST">
          <params>
            <param index="0">
              <value>
                <![CDATA[hello]]>
              </value>
            </param>
            <param index="1">
              <value>
                <![CDATA[text]]>
              </value>
            </param>
            <param index="2">
              <value>
                <![CDATA[1]]>
              </value>
            </param>
          </params>
          <reporter-output>
          </reporter-output>
        </test-method> <!-- testData -->
        <test-method status="PASS" signature="testData(java.lang.String,java.lang.String,java.lang.String)[pri:0, instance:dataDriven.excelDataProvider.DataProviderWithExcel@2a70a3d8]" name="testData" duration-ms="1" started-at="2023-04-07T22:13:49 IST" data-provider="driverTest" finished-at="2023-04-07T22:13:49 IST">
          <params>
            <param index="0">
              <value>
                <![CDATA[hi]]>
              </value>
            </param>
            <param index="1">
              <value>
                <![CDATA[message]]>
              </value>
            </param>
            <param index="2">
              <value>
                <![CDATA[2]]>
              </value>
            </param>
          </params>
          <reporter-output>
          </reporter-output>
        </test-method> <!-- testData -->
        <test-method status="PASS" signature="testData(java.lang.String,java.lang.String,java.lang.String)[pri:0, instance:dataDriven.excelDataProvider.DataProviderWithExcel@2a70a3d8]" name="testData" duration-ms="1" started-at="2023-04-07T22:13:49 IST" data-provider="driverTest" finished-at="2023-04-07T22:13:49 IST">
          <params>
            <param index="0">
              <value>
                <![CDATA[hey]]>
              </value>
            </param>
            <param index="1">
              <value>
                <![CDATA[call]]>
              </value>
            </param>
            <param index="2">
              <value>
                <![CDATA[3]]>
              </value>
            </param>
          </params>
          <reporter-output>
          </reporter-output>
        </test-method> <!-- testData -->
      </class> <!-- dataDriven.excelDataProvider.DataProviderWithExcel -->
    </test> <!-- Default test -->
  </suite> <!-- Default suite -->
</testng-results>
